<?xml version="1.0" encoding="UTF-8"?>
<!-- Generated by org.testng.reporters.JUnitXMLReporter -->
<testsuite hostname="DESKTOP-84SQC18" ignored="0" name="Test5" tests="1" failures="1" timestamp="02 Jan 2019 07:37:58 GMT" time="14.679" errors="0">
  <testcase name="login" time="5.191" classname="my_pack1.Way2sms">
    <failure type="java.lang.AssertionError" message="expected [true] but found [false]">
      <![CDATA[java.lang.AssertionError: expected [true] but found [false]
at my_pack1.Way2sms.login(Way2sms.java:91)
... Removed 29 stack frames]]>
    </failure>
  </testcase> <!-- login -->
</testsuite> <!-- Test5 -->
